<?xml version="1.0" encoding="UTF-8"?>
<!-- Generated by org.testng.reporters.JUnitReportReporter -->
<testsuite hostname="DESKTOP-5I8QE3D" failures="0" tests="1" name="hybrid_appium.hybrid_appium" time="50.036" errors="0" timestamp="2022-12-10T21:12:24 IST" skipped="0">
  <testcase classname="hybrid_appium.hybrid_appium" name="testcase1" time="50.036"/>
  <system-out/>
</testsuite> <!-- hybrid_appium.hybrid_appium -->
