<?xml version="1.0" encoding="UTF-8"?>
<!-- Generated by org.testng.reporters.JUnitReportReporter -->
<testsuite hostname="DESKTOP-5I8QE3D" failures="0" tests="1" name="webapp.native2" time="79.868" errors="0" timestamp="2022-12-05T22:14:07 IST" skipped="0">
  <testcase classname="webapp.native2" name="testcase1" time="79.868"/>
  <system-out/>
</testsuite> <!-- webapp.native2 -->
