<?xml version="1.0" encoding="UTF-8"?>
<!-- Generated by org.testng.reporters.JUnitReportReporter -->
<testsuite hostname="DESKTOP-5I8QE3D" failures="0" tests="1" name="hybrid_appium.hybrid3_genstore" time="86.274" errors="0" timestamp="2022-12-13T23:41:24 IST" skipped="0">
  <testcase classname="hybrid_appium.hybrid3_genstore" name="testcase1" time="86.274"/>
  <system-out/>
</testsuite> <!-- hybrid_appium.hybrid3_genstore -->
