<?xml version="1.0" encoding="UTF-8"?>
<!-- Generated by org.testng.reporters.JUnitReportReporter -->
<testsuite hostname="DESKTOP-5I8QE3D" failures="0" tests="1" name="webapp.capabilities" time="192.187" errors="0" timestamp="2022-12-01T14:05:32 IST" skipped="0">
  <testcase classname="webapp.capabilities" name="testcase" time="192.187"/>
  <system-out/>
</testsuite> <!-- webapp.capabilities -->
