<?xml version="1.0" encoding="UTF-8"?>
<!-- Generated by org.testng.reporters.JUnitReportReporter -->
<testsuite hostname="DESKTOP-5I8QE3D" failures="0" tests="7" name="webapp.nativeapp_appium" time="31.302" errors="0" timestamp="2022-12-06T16:12:17 IST" skipped="6">
  <testcase classname="webapp.nativeapp_appium" name="d" time="31.302"/>
  <system-out/>
  <testcase classname="webapp.nativeapp_appium" name="testcase3">
    <skipped/>
  </testcase> <!-- testcase3 -->
  <system-out/>
  <testcase classname="webapp.nativeapp_appium" name="testcase2">
    <skipped/>
  </testcase> <!-- testcase2 -->
  <system-out/>
  <testcase classname="webapp.nativeapp_appium" name="swipeActions">
    <skipped/>
  </testcase> <!-- swipeActions -->
  <system-out/>
  <testcase classname="webapp.nativeapp_appium" name="scroll">
    <skipped/>
  </testcase> <!-- scroll -->
  <system-out/>
  <testcase classname="webapp.nativeapp_appium" name="testcase1">
    <skipped/>
  </testcase> <!-- testcase1 -->
  <system-out/>
  <testcase classname="webapp.nativeapp_appium" name="dragAndDrop">
    <skipped/>
  </testcase> <!-- dragAndDrop -->
  <system-out/>
</testsuite> <!-- webapp.nativeapp_appium -->
