<?xml version="1.0" encoding="UTF-8"?>
<!-- Generated by org.testng.reporters.JUnitReportReporter -->
<testsuite hostname="DESKTOP-5I8QE3D" failures="0" tests="1" name="webapp.runner" time="257.310" errors="0" timestamp="2022-12-01T10:35:43 IST" skipped="0">
  <testcase classname="webapp.runner" name="testcase" time="257.310"/>
  <system-out/>
</testsuite> <!-- webapp.runner -->
