<?xml version="1.0" encoding="UTF-8"?>
<!-- Generated by org.testng.reporters.JUnitReportReporter -->
<testsuite hostname="DESKTOP-5I8QE3D" failures="0" tests="1" name="native_appium.nativeapp3_appium" time="28.398" errors="0" timestamp="2022-12-09T12:00:49 IST" skipped="0">
  <testcase classname="native_appium.nativeapp3_appium" name="testcase2" time="28.398"/>
  <system-out/>
</testsuite> <!-- native_appium.nativeapp3_appium -->
