<?xml version="1.0" encoding="UTF-8"?>
<!-- Generated by org.testng.reporters.JUnitReportReporter -->
<testsuite hostname="DESKTOP-5I8QE3D" failures="0" tests="6" name="hybrid_appium.hybrid3_appium" time="187.084" errors="0" timestamp="2022-12-11T22:21:13 IST" skipped="0">
  <testcase classname="hybrid_appium.hybrid3_appium" name="sign_in" time="20.356"/>
  <system-out/>
  <testcase classname="hybrid_appium.hybrid3_appium" name="language" time="19.887"/>
  <system-out/>
  <testcase classname="hybrid_appium.hybrid3_appium" name="explore" time="60.580"/>
  <system-out/>
  <testcase classname="hybrid_appium.hybrid3_appium" name="search" time="34.808"/>
  <system-out/>
  <testcase classname="hybrid_appium.hybrid3_appium" name="Bookmarks" time="35.078"/>
  <system-out/>
  <testcase classname="hybrid_appium.hybrid3_appium" name="signout" time="16.375"/>
  <system-out/>
</testsuite> <!-- hybrid_appium.hybrid3_appium -->
