<?xml version="1.0" encoding="UTF-8"?>
<!-- Generated by org.testng.reporters.JUnitReportReporter -->
<testsuite hostname="DESKTOP-5I8QE3D" failures="0" tests="6" name="hybrid_appium.hybrid3_KhanAcdmy" time="207.002" errors="0" timestamp="2022-12-12T22:21:08 IST" skipped="0">
  <testcase classname="hybrid_appium.hybrid3_KhanAcdmy" name="sign_in" time="29.545"/>
  <system-out/>
  <testcase classname="hybrid_appium.hybrid3_KhanAcdmy" name="language" time="36.798"/>
  <system-out/>
  <testcase classname="hybrid_appium.hybrid3_KhanAcdmy" name="explore" time="43.210"/>
  <system-out/>
  <testcase classname="hybrid_appium.hybrid3_KhanAcdmy" name="search" time="44.810"/>
  <system-out/>
  <testcase classname="hybrid_appium.hybrid3_KhanAcdmy" name="Bookmarks" time="33.852"/>
  <system-out/>
  <testcase classname="hybrid_appium.hybrid3_KhanAcdmy" name="signout" time="18.787"/>
  <system-out/>
</testsuite> <!-- hybrid_appium.hybrid3_KhanAcdmy -->
